<?xml version="1.0" encoding="UTF-8"?>
<testng-results ignored="0" total="2" passed="2" failed="0" skipped="0">
  <reporter-output>
  </reporter-output>
  <suite started-at="2025-03-17T00:04:59 IST" name="CrossBrowserSuite" finished-at="2025-03-17T00:05:11 IST" duration-ms="11774">
    <groups>
    </groups>
    <test started-at="2025-03-17T00:04:59 IST" name="ChromeTest" finished-at="2025-03-17T00:05:08 IST" duration-ms="8905">
      <class name="selenium.pracproject.example1">
        <test-method is-config="true" signature="setup(java.lang.String)[pri:0, instance:selenium.pracproject.example1@206a70ef]" started-at="2025-03-17T00:04:59 IST" name="setup" finished-at="2025-03-17T00:05:01 IST" duration-ms="1771" status="PASS">
          <params>
            <param index="0">
              <value>
                <![CDATA[chrome]]>
              </value>
            </param>
          </params>
          <reporter-output>
          </reporter-output>
        </test-method> <!-- setup -->
        <test-method signature="testcases()[pri:0, instance:selenium.pracproject.example1@206a70ef]" started-at="2025-03-17T00:05:01 IST" name="testcases" finished-at="2025-03-17T00:05:08 IST" duration-ms="6820" status="PASS">
          <reporter-output>
          </reporter-output>
        </test-method> <!-- testcases -->
        <test-method is-config="true" signature="terminatebrowser()[pri:0, instance:selenium.pracproject.example1@206a70ef]" started-at="2025-03-17T00:05:08 IST" name="terminatebrowser" finished-at="2025-03-17T00:05:08 IST" duration-ms="271" status="PASS">
          <reporter-output>
          </reporter-output>
        </test-method> <!-- terminatebrowser -->
      </class> <!-- selenium.pracproject.example1 -->
    </test> <!-- ChromeTest -->
    <test started-at="2025-03-17T00:04:59 IST" name="EdgeTest" finished-at="2025-03-17T00:05:11 IST" duration-ms="11774">
      <class name="selenium.pracproject.example1">
        <test-method is-config="true" signature="setup(java.lang.String)[pri:0, instance:selenium.pracproject.example1@587e5365]" started-at="2025-03-17T00:04:59 IST" name="setup" finished-at="2025-03-17T00:05:03 IST" duration-ms="3908" status="PASS">
          <params>
            <param index="0">
              <value>
                <![CDATA[edge]]>
              </value>
            </param>
          </params>
          <reporter-output>
          </reporter-output>
        </test-method> <!-- setup -->
        <test-method signature="testcases()[pri:0, instance:selenium.pracproject.example1@587e5365]" started-at="2025-03-17T00:05:03 IST" name="testcases" finished-at="2025-03-17T00:05:10 IST" duration-ms="6581" status="PASS">
          <reporter-output>
          </reporter-output>
        </test-method> <!-- testcases -->
        <test-method is-config="true" signature="terminatebrowser()[pri:0, instance:selenium.pracproject.example1@587e5365]" started-at="2025-03-17T00:05:10 IST" name="terminatebrowser" finished-at="2025-03-17T00:05:11 IST" duration-ms="1240" status="PASS">
          <reporter-output>
          </reporter-output>
        </test-method> <!-- terminatebrowser -->
      </class> <!-- selenium.pracproject.example1 -->
    </test> <!-- EdgeTest -->
  </suite> <!-- CrossBrowserSuite -->
</testng-results>
